Arguments: 
  C:\Program Files\nodejs\node.exe C:\Users\Steven\AppData\Roaming\npm\node_modules\yarn\bin\yarn.js add --dev eslint-config-react-app babel-eslint eslint-plugin-flowtype eslint-plugin-import eslint-plugin-jsx-a11y eslint-plugin-react

PATH: 
  C:\Users\Steven\bin;C:\Program Files\Git\mingw64\bin;C:\Program Files\Git\usr\local\bin;C:\Program Files\Git\usr\bin;C:\Program Files\Git\usr\bin;C:\Program Files\Git\mingw64\bin;C:\Program Files\Git\usr\bin;C:\Users\Steven\bin;C:\Windows\system32;C:\Windows;C:\Windows\system32\wbem;C:\ProgramData\Oracle\Java\javapath;C:\Windows\System32\WindowsPowerShell\v1.0;C:\Program Files (x86)\NVIDIA Corporation\PhysX\Common;C:\Program Files\Microsoft SQL Server\Client SDK\ODBC\110\Tools\Binn;C:\Program Files (x86)\Microsoft SQL Server\120\Tools\Binn;C:\Program Files\Microsoft SQL Server\120\Tools\Binn;C:\Program Files\Microsoft SQL Server\120\DTS\Binn;C:\Program Files (x86)\Windows Kits\8.1\Windows Performance Toolkit;C:\Program Files (x86)\Skype\Phone;C:\Program Files\MATLAB\R2016b\runtime\win64;C:\Program Files\MATLAB\R2016b\bin;C:\Program Files\MATLAB\R2016b\polyspace\bin;C:\Program Files\RedHat\java-1.8.0-openjdk-1.8.0.151-1\bin;C:\Program Files\nodejs;C:\Program Files\Git\cmd;C:\Users\Steven\AppData\Local\Programs\Python\Python36-32\Scripts;C:\Users\Steven\AppData\Local\Programs\Python\Python36-32;C:\Program Files\MongoDB\Server\3.6\bin;C:\Users\Steven\AppData\Roaming\npm\node_modules;C:\Program Files\Sublime Text 3;C:\Program Files\Microsoft VS Code\bin;C:\Users\Steven\AppData\Local\GitHubDesktop\bin;C:\Users\Steven\AppData\Roaming\npm;C:\Program Files\Git\usr\bin\vendor_perl;C:\Program Files\Git\usr\bin\core_perl

Yarn version: 
  1.6.0

Node version: 
  8.11.1

Platform: 
  win32 x64

Trace: 
  SyntaxError: F:\Steven's Custom Laptop\Documents\GitHub\React.js-Repo\Coursework\Fullstack React\Part I\01 - Project Hunt\voting_app\package.json: Unexpected token ` in JSON at position 536
      at JSON.parse (<anonymous>)
      at C:\Users\Steven\AppData\Roaming\npm\node_modules\yarn\lib\cli.js:1130:59
      at Generator.next (<anonymous>)
      at step (C:\Users\Steven\AppData\Roaming\npm\node_modules\yarn\lib\cli.js:98:30)
      at C:\Users\Steven\AppData\Roaming\npm\node_modules\yarn\lib\cli.js:109:13
      at <anonymous>

npm manifest: 
  {
    "name": "voting_app",
    "version": "1.1.0",
    "author": "Fullstack.io",
    "scripts": {
      "go": "open http://localhost:3000; npm run server",
      "e2e": "nightwatch",
      "test": "./node_modules/.bin/concurrently -k 'npm run server' 'npm run e2e'",
      "start": "npm run server",
      "server": "live-server public --host=localhost --port=3000 --middleware=./disable-browser-cache.js"
    },
    "private": true,
    "devDependencies": {
      "concurrently": "2.2.0",
      "live-server": "https://github.com/acco/live-server/tarball/master"`
    },
    "dependencies": {
      "eslint": "^4.19.1"
    }
  }

yarn manifest: 
  No manifest

Lockfile: 
  No lockfile
