Arguments: 
  C:\Program Files\nodejs\node.exe C:\Users\Steven\AppData\Roaming\npm\node_modules\yarn\bin\yarn.js v

PATH: 
  C:\Users\Steven\bin;C:\Program Files\Git\mingw64\bin;C:\Program Files\Git\usr\local\bin;C:\Program Files\Git\usr\bin;C:\Program Files\Git\usr\bin;C:\Program Files\Git\mingw64\bin;C:\Program Files\Git\usr\bin;C:\Users\Steven\bin;C:\Program Files (x86)\Python36-32\Scripts;C:\Program Files (x86)\Python36-32;C:\Windows\system32;C:\Windows;C:\Windows\system32\wbem;C:\ProgramData\Oracle\Java\javapath;C:\Windows\System32\WindowsPowerShell\v1.0;C:\Program Files (x86)\NVIDIA Corporation\PhysX\Common;C:\Program Files\Microsoft SQL Server\Client SDK\ODBC\110\Tools\Binn;C:\Program Files (x86)\Microsoft SQL Server\120\Tools\Binn;C:\Program Files\Microsoft SQL Server\120\Tools\Binn;C:\Program Files\Microsoft SQL Server\120\DTS\Binn;C:\Program Files (x86)\Windows Kits\8.1\Windows Performance Toolkit;C:\Program Files (x86)\Skype\Phone;C:\Program Files\MATLAB\R2016b\runtime\win64;C:\Program Files\MATLAB\R2016b\bin;C:\Program Files\MATLAB\R2016b\polyspace\bin;C:\Program Files\RedHat\java-1.8.0-openjdk-1.8.0.151-1\bin;C:\Program Files\nodejs;C:\Program Files\Git\cmd;C:\Users\Steven\AppData\Roaming\npm\node_modules;C:\Program Files\Sublime Text 3;C:\Program Files\Microsoft VS Code\bin;C:\Users\Steven\AppData\Local\GitHubDesktop\bin;C:\Users\Steven\AppData\Roaming\npm;C:\Program Files\Git\usr\bin\vendor_perl;C:\Program Files\Git\usr\bin\core_perl

Yarn version: 
  1.5.1

Node version: 
  8.11.1

Platform: 
  win32 x64

npm manifest: 
  No manifest

yarn manifest: 
  No manifest

Lockfile: 
  No lockfile

Trace: 
  Error: Couldn't find a package.json file in "C:\\Users\\Steven\\Documents\\GitHub\\React-Topics-and-Projects\\Projects\\bookworm"
      at new MessageError (C:\Users\Steven\AppData\Roaming\npm\node_modules\yarn\lib\cli.js:186:110)
      at C:\Users\Steven\AppData\Roaming\npm\node_modules\yarn\lib\cli.js:40048:15
      at Generator.next (<anonymous>)
      at step (C:\Users\Steven\AppData\Roaming\npm\node_modules\yarn\lib\cli.js:98:30)
      at C:\Users\Steven\AppData\Roaming\npm\node_modules\yarn\lib\cli.js:109:13
      at <anonymous>
